<?xml version="1.0" encoding="UTF-8"?>
<testsuite name="com.example.android.SimpleCalc.CalculatorTest" tests="9" skipped="0" failures="0" errors="0" timestamp="2022-09-13T20:59:20" hostname="LTUS159524" time="0.006">
  <properties/>
  <testcase name="addTwoNumbers" classname="com.example.android.SimpleCalc.CalculatorTest" time="0.003"/>
  <testcase name="powOfZeroNegNumber" classname="com.example.android.SimpleCalc.CalculatorTest" time="0.0"/>
  <testcase name="powOfNumber" classname="com.example.android.SimpleCalc.CalculatorTest" time="0.0"/>
  <testcase name="powOfPosNumber" classname="com.example.android.SimpleCalc.CalculatorTest" time="0.0"/>
  <testcase name="powOfZeroNumber" classname="com.example.android.SimpleCalc.CalculatorTest" time="0.0"/>
  <testcase name="powOfZeroSecondNumber" classname="com.example.android.SimpleCalc.CalculatorTest" time="0.0"/>
  <testcase name="powOfNegFirstOperandNumber" classname="com.example.android.SimpleCalc.CalculatorTest" time="0.0"/>
  <testcase name="powOfNegZeroNumber" classname="com.example.android.SimpleCalc.CalculatorTest" time="0.0"/>
  <testcase name="powOfNegSecondOperandNumber" classname="com.example.android.SimpleCalc.CalculatorTest" time="0.0"/>
  <system-out><![CDATA[]]></system-out>
  <system-err><![CDATA[]]></system-err>
</testsuite>
